[2025/01/29 12:01:46] Delete event data: ShareKey(EVENT_cailuhongbao), Param1(-1), Param2(-1), Timeout(2020-3-30)
[2025/01/29 12:01:46] Delete event data: ShareKey(EVENT_MIDAUT_2010), Param1(-1), Param2(-1), Timeout(2020-10-19)
[2025/01/29 12:01:46] Delete event data: ShareKey(EVENT_dayanqunxia), Param1(-1), Param2(-1), Timeout(2020-3-20)
[2025/01/29 12:01:46] Delete event data: ShareKey(FUNC_RANK_EQUIPVALUE), Param1(-1), Param2(-1), Timeout(2020-6-4)
[2025/01/29 12:01:46] Delete event data: ShareKey(EVENT_April_zhushuai), Param1(-1), Param2(-1), Timeout(2020-6-4)
[2025/01/29 12:01:46] Loading All Scripts....................
[2025/01/29 12:01:46] Load Rank FUNC_RANK_EQUIPVALUE
[2025/01/29 12:01:46] Load Stable Rank count 0
[2025/01/29 12:01:46] Load Dynamic Rank count 0
[2025/01/29 12:01:46] Load Rank FUNC_RANK_EQUIPVALUE end
[2025/01/29 12:01:46] 
All Scripts Have Been Loaded! Count = 79
[2025/01/29 12:01:46] root client[:0] create
[2025/01/29 12:01:48] start autotimer for Ping: 
[2025/01/29 12:01:48] gateway client create: 127.0.0.1
[2025/01/29 12:01:48] TRIP_MODE: None
[2025/01/29 12:01:48] Loading World Setting...
[2025/01/29 12:01:48] Reset map pho ban thanh cong
[2025/01/29 12:01:48] Load LeagueData: LeagueType: 4, Leagues: 7, Roles: 7
[2025/01/29 12:01:48] Load LeagueData: LeagueType: 500, Leagues: 1, Roles: 1
[2025/01/29 12:01:48] Load LeagueData: LeagueType: 502, Leagues: 11, Roles: 11
[2025/01/29 12:01:48] =====> THONG BAO TIN TUC TU DONG
[2025/01/29 12:01:48] =====> BAT DAU KHOI DONG CAC TINH NANG CUA GAME VO LAM TRUYEN KY <=====
[2025/01/29 12:01:48] =====> Boss Tieu Hoang Kim Xuat Hien Vao Luc :  12:30
[2025/01/29 12:01:48] =====> Boss Dai Hoang Kim Xuat Hien Vao Luc :  20:00
[2025/01/29 12:01:48] =================Phong Lang Do==================
[2025/01/29 12:01:48] =====> [SEVENCITY] Bat Dau Ghi Danh That Thanh Dai Chien
[2025/01/29 12:01:48] =====> [SEVENCITY] Ket Thuc Ghi Danh That Thanh Dai Chien
[2025/01/29 12:01:48] =====> [SEVENCITY] Chuan Bi That Thanh Dai Chien
[2025/01/29 12:01:48] =====> [SEVENCITY] Bat Dau That Thanh Dai Chien
[2025/01/29 12:01:48] =====> [SEVENCITY] Ket Thuc That Thanh Dai Chien
[2025/01/29 12:01:48] ****************KHOI DONG NHIEM VU TONG KIM CHIEN QUOC ****************
[2025/01/29 12:01:48] =====> BATTLE[GuoZhan] 20:50 startup...
[2025/01/29 12:01:48] =====> [TongKim] Chien Truong Tong Kim 14:50 BAT DAU
[2025/01/29 12:01:48] =====> [TongKim] Chien Truong Tong Kim 20:50 BAT DAU
[2025/01/29 12:01:48] =====> [TongKim] Chien Truong Tong Kim 22:50 BAT DAU
[2025/01/29 12:01:48] =======================>Xoa thong tin Xep Hang<========================
[2025/01/29 12:01:48] =====> HOAT DONG QUA HUY HOANG BAT DAU LUC 12 PM
[2025/01/29 12:01:48] =====> League Match Start: Phase=1  SeasonID=87 <=====
[2025/01/29 12:01:48] =====> BANG XEP HANG <THACH THUC THOI GIAN> MOI NGAY=======
[2025/01/29 12:01:48] =====> VUOT AI KHIEU CHIEN THOI GIAN BAT DAU 13:0...
[2025/01/29 12:01:48] Failed to init statdatamanager!
[2025/01/29 12:01:48] S3Relay -- S3Relay- Khoi dong hoan tat! 
[2025/01/29 12:01:48] 
*
***** S3Relay Start (@ 171627776/00/43200 00:-2430664:135861597.136280271) >>>>>
*


[2025/01/29 12:01:48] SockThread start success
[2025/01/29 12:01:49] Game Module Is Started. -->Hoat dong mua xuan 2006
[2025/01/29 12:01:49] Game Module Is Started. -->OpenShop
[2025/01/29 12:01:49] Game Module Is Started. -->Thiep Chuc Mung Nam Moi
[2025/01/29 12:01:49] Game Module Is Started. -->Do Pho Hoang Kim
[2025/01/29 12:01:49] Game Module Is Started. -->Phuc Duyen - Phao Bong
[2025/01/29 12:01:49] Game Module Is Started. -->Truyen Cong
[2025/01/29 12:01:49] Game Module Is Started. -->Le vat tinh nhan
[2025/01/29 12:01:49] Game Module Is Started. -->YANDIBAOZANG
[2025/01/29 12:01:49] Game Module Is Started. -->YANDIBAOZANG_TALK
[2025/01/29 12:01:49] Game Module Is Started. -->SWITH_DAIYITOUSHI
[2025/01/29 12:01:49] Game Module Is Started. -->chunjie2009_dangboss
[2025/01/29 12:01:49] ===>Xep Hang Khoi Dong Hoan Tat<===
[2025/01/29 12:02:00] TongCo