[2023/10/18 19:41:13] Delete event data: ShareKey(EVENT_cailuhongbao), Param1(-1), Param2(-1), Timeout(2020-3-30)
[2023/10/18 19:41:13] Delete event data: ShareKey(EVENT_MIDAUT_2010), Param1(-1), Param2(-1), Timeout(2020-10-19)
[2023/10/18 19:41:13] Delete event data: ShareKey(EVENT_dayanqunxia), Param1(-1), Param2(-1), Timeout(2020-3-20)
[2023/10/18 19:41:13] Delete event data: ShareKey(FUNC_RANK_EQUIPVALUE), Param1(-1), Param2(-1), Timeout(2020-6-4)
[2023/10/18 19:41:13] Delete event data: ShareKey(EVENT_April_zhushuai), Param1(-1), Param2(-1), Timeout(2020-6-4)
[2023/10/18 19:41:13] Loading All Scripts....................
[2023/10/18 19:41:13] Load Rank FUNC_RANK_EQUIPVALUE
[2023/10/18 19:41:13] Load Stable Rank count 0
[2023/10/18 19:41:13] Load Dynamic Rank count 0
[2023/10/18 19:41:13] Load Rank FUNC_RANK_EQUIPVALUE end
[2023/10/18 19:41:13] 
All Scripts Have Been Loaded! Count = 79
[2023/10/18 19:41:13] root client[:0] create
[2023/10/18 19:41:15] start autotimer for Ping: 
[2023/10/18 19:41:15] gateway client create: 127.0.0.1
[2023/10/18 19:41:15] TRIP_MODE: None
[2023/10/18 19:41:15] Loading World Setting...
[2023/10/18 19:41:15] Reset map pho ban thanh cong
[2023/10/18 19:41:15] Load LeagueData: LeagueType: 4, Leagues: 7, Roles: 7
[2023/10/18 19:41:15] Load LeagueData: LeagueType: 500, Leagues: 1, Roles: 1
[2023/10/18 19:41:15] Load LeagueData: LeagueType: 502, Leagues: 11, Roles: 11
[2023/10/18 19:41:15] =====> THONG BAO TIN TUC TU DONG
[2023/10/18 19:41:15] =====> BAT DAU KHOI DONG CAC TINH NANG CUA GAME VO LAM TRUYEN KY <=====
[2023/10/18 19:41:15] =====> Boss Tieu Hoang Kim Xuat Hien Vao Luc :  12:30
[2023/10/18 19:41:15] =====> Boss Dai Hoang Kim Xuat Hien Vao Luc :  20:00
[2023/10/18 19:41:15] =================Phong Lang Do==================
[2023/10/18 19:41:15] =====> [SEVENCITY] Bat Dau Ghi Danh That Thanh Dai Chien
[2023/10/18 19:41:15] =====> [SEVENCITY] Ket Thuc Ghi Danh That Thanh Dai Chien
[2023/10/18 19:41:15] =====> [SEVENCITY] Chuan Bi That Thanh Dai Chien
[2023/10/18 19:41:15] =====> [SEVENCITY] Bat Dau That Thanh Dai Chien
[2023/10/18 19:41:15] =====> [SEVENCITY] Ket Thuc That Thanh Dai Chien
[2023/10/18 19:41:15] ****************KHOI DONG NHIEM VU TONG KIM CHIEN QUOC ****************
[2023/10/18 19:41:15] =====> BATTLE[GuoZhan] 20:50 startup...
[2023/10/18 19:41:15] =====> [TongKim] Chien Truong Tong Kim 14:50 BAT DAU
[2023/10/18 19:41:15] =====> [TongKim] Chien Truong Tong Kim 20:50 BAT DAU
[2023/10/18 19:41:15] =====> [TongKim] Chien Truong Tong Kim 22:50 BAT DAU
[2023/10/18 19:41:15] =======================>Xoa thong tin Xep Hang<========================
[2023/10/18 19:41:15] =====> HOAT DONG QUA HUY HOANG BAT DAU LUC 12 PM
[2023/10/18 19:41:15] =====> League Match Start: Phase=1  SeasonID=87 <=====
[2023/10/18 19:41:15] =====> BANG XEP HANG <THACH THUC THOI GIAN> MOI NGAY=======
[2023/10/18 19:41:15] =====> VUOT AI KHIEU CHIEN THOI GIAN BAT DAU 20:0...
[2023/10/18 19:41:15] Failed to init statdatamanager!
[2023/10/18 19:41:15] S3Relay -- S3Relay- Khoi dong hoan tat! 
[2023/10/18 19:41:15] 
*
***** S3Relay Start (@ 158467328/00/43200 00:-3433800:135861597.136280271) >>>>>
*


[2023/10/18 19:41:15] SockThread start success
[2023/10/18 19:41:15] Game Module Is Started. -->Hoat dong mua xuan 2006
[2023/10/18 19:41:15] Game Module Is Started. -->OpenShop
[2023/10/18 19:41:15] Game Module Is Started. -->Thiep Chuc Mung Nam Moi
[2023/10/18 19:41:15] Game Module Is Started. -->Do Pho Hoang Kim
[2023/10/18 19:41:15] Game Module Is Started. -->Phuc Duyen - Phao Bong
[2023/10/18 19:41:15] Game Module Is Started. -->Truyen Cong
[2023/10/18 19:41:15] Game Module Is Started. -->Le vat tinh nhan
[2023/10/18 19:41:15] Game Module Is Started. -->YANDIBAOZANG
[2023/10/18 19:41:15] Game Module Is Started. -->YANDIBAOZANG_TALK
[2023/10/18 19:41:15] Game Module Is Started. -->SWITH_DAIYITOUSHI
[2023/10/18 19:41:15] Game Module Is Started. -->chunjie2009_dangboss
[2023/10/18 19:41:15] ===>Xep Hang Khoi Dong Hoan Tat<===
[2023/10/18 19:41:19] TongCo