[2023/10/18 19:26:21] Delete event data: ShareKey(EVENT_cailuhongbao), Param1(-1), Param2(-1), Timeout(2020-3-30)
[2023/10/18 19:26:21] Delete event data: ShareKey(EVENT_MIDAUT_2010), Param1(-1), Param2(-1), Timeout(2020-10-19)
[2023/10/18 19:26:21] Delete event data: ShareKey(EVENT_dayanqunxia), Param1(-1), Param2(-1), Timeout(2020-3-20)
[2023/10/18 19:26:21] Delete event data: ShareKey(FUNC_RANK_EQUIPVALUE), Param1(-1), Param2(-1), Timeout(2020-6-4)
[2023/10/18 19:26:21] Delete event data: ShareKey(EVENT_April_zhushuai), Param1(-1), Param2(-1), Timeout(2020-6-4)
[2023/10/18 19:26:21] Loading All Scripts....................
[2023/10/18 19:26:21] Load Rank FUNC_RANK_EQUIPVALUE
[2023/10/18 19:26:21] Load Stable Rank count 0
[2023/10/18 19:26:21] Load Dynamic Rank count 0
[2023/10/18 19:26:21] Load Rank FUNC_RANK_EQUIPVALUE end
[2023/10/18 19:26:21] 
All Scripts Have Been Loaded! Count = 79
[2023/10/18 19:26:21] root client[:0] create
[2023/10/18 19:26:23] start autotimer for Ping: 
[2023/10/18 19:26:23] gateway client create: 127.0.0.1
[2023/10/18 19:26:23] TRIP_MODE: None
[2023/10/18 19:26:23] Loading World Setting...
[2023/10/18 19:26:23] Reset map pho ban thanh cong
[2023/10/18 19:26:23] Load League Data...Not League Data.
[2023/10/18 19:26:23] =====> THONG BAO TIN TUC TU DONG
[2023/10/18 19:26:23] =====> BAT DAU KHOI DONG CAC TINH NANG CUA GAME VO LAM TRUYEN KY <=====
[2023/10/18 19:26:23] =====> Boss Tieu Hoang Kim Xuat Hien Vao Luc :  12:30
[2023/10/18 19:26:23] =====> Boss Dai Hoang Kim Xuat Hien Vao Luc :  20:00
[2023/10/18 19:26:23] =================Phong Lang Do==================
[2023/10/18 19:26:23] =====> [SEVENCITY] Bat Dau Ghi Danh That Thanh Dai Chien
[2023/10/18 19:26:23] =====> [SEVENCITY] Ket Thuc Ghi Danh That Thanh Dai Chien
[2023/10/18 19:26:23] =====> [SEVENCITY] Chuan Bi That Thanh Dai Chien
[2023/10/18 19:26:23] =====> [SEVENCITY] Bat Dau That Thanh Dai Chien
[2023/10/18 19:26:23] =====> [SEVENCITY] Ket Thuc That Thanh Dai Chien
[2023/10/18 19:26:23] ****************KHOI DONG NHIEM VU TONG KIM CHIEN QUOC ****************
[2023/10/18 19:26:23] =====> BATTLE[GuoZhan] 20:50 startup...
[2023/10/18 19:26:23] =====> [TongKim] Chien Truong Tong Kim 14:50 BAT DAU
[2023/10/18 19:26:23] =====> [TongKim] Chien Truong Tong Kim 20:50 BAT DAU
[2023/10/18 19:26:23] =====> [TongKim] Chien Truong Tong Kim 22:50 BAT DAU
[2023/10/18 19:26:23] =======================>Xoa thong tin Xep Hang<========================
[2023/10/18 19:26:23] =====> HOAT DONG QUA HUY HOANG BAT DAU LUC 12 PM
[2023/10/18 19:26:23] =====> League Match Start: Phase=1  SeasonID=87 <=====
[2023/10/18 19:26:23] =====> BANG XEP HANG <THACH THUC THOI GIAN> MOI NGAY=======
[2023/10/18 19:26:23] =====> VUOT AI KHIEU CHIEN THOI GIAN BAT DAU 20:0...
[2023/10/18 19:26:23] Failed to init statdatamanager!
[2023/10/18 19:26:23] S3Relay -- S3Relay- Khoi dong hoan tat! 
[2023/10/18 19:26:23] 
*
***** S3Relay Start (@ 152990976/00/43200 00:-3375192:135861597.136280271) >>>>>
*


[2023/10/18 19:26:23] SockThread start success
[2023/10/18 19:26:23] Game Module Is Started. -->Hoat dong mua xuan 2006
[2023/10/18 19:26:23] New Game Module Is Started. -->Hoat dong mua xuan 2006
[2023/10/18 19:26:23] Game Module Is Started. -->OpenShop
[2023/10/18 19:26:23] New Game Module Is Started. -->OpenShop
[2023/10/18 19:26:23] Game Module Is Started. -->Thiep Chuc Mung Nam Moi
[2023/10/18 19:26:23] New Game Module Is Started. -->Thiep Chuc Mung Nam Moi
[2023/10/18 19:26:23] Game Module Is Started. -->Do Pho Hoang Kim
[2023/10/18 19:26:23] New Game Module Is Started. -->Do Pho Hoang Kim
[2023/10/18 19:26:23] Game Module Is Started. -->Phuc Duyen - Phao Bong
[2023/10/18 19:26:23] New Game Module Is Started. -->Phuc Duyen - Phao Bong
[2023/10/18 19:26:23] Game Module Is Started. -->Truyen Cong
[2023/10/18 19:26:23] New Game Module Is Started. -->Truyen Cong
[2023/10/18 19:26:23] Game Module Is Started. -->Le vat tinh nhan
[2023/10/18 19:26:23] New Game Module Is Started. -->Le vat tinh nhan
[2023/10/18 19:26:23] Game Module Is Started. -->YANDIBAOZANG
[2023/10/18 19:26:23] New Game Module Is Started. -->YANDIBAOZANG
[2023/10/18 19:26:23] Game Module Is Started. -->YANDIBAOZANG_TALK
[2023/10/18 19:26:23] New Game Module Is Started. -->YANDIBAOZANG_TALK
[2023/10/18 19:26:23] Game Module Is Started. -->SWITH_DAIYITOUSHI
[2023/10/18 19:26:23] New Game Module Is Started. -->SWITH_DAIYITOUSHI
[2023/10/18 19:26:23] Game Module Is Started. -->chunjie2009_dangboss
[2023/10/18 19:26:23] New Game Module Is Started. -->chunjie2009_dangboss
[2023/10/18 19:26:23] ===>Xep Hang Khoi Dong Hoan Tat<===
[2023/10/18 19:28:44] ChatConnection create: 127.0.0.1
[2023/10/18 19:28:44] TongConnection create: 127.0.0.1
[2023/10/18 19:28:44] HostConnection create: 127.0.0.1
[2023/10/18 19:29:13] TongDataSendFinish: 127.0.0.1
[2023/10/18 19:29:13] =====> League Match GSReady(16777343): Phase=1  MatchID=0  SeasonID=87 <=====
[2023/10/18 19:29:13] GameServerLogin: 127.0.0.1
[2023/10/18 19:29:13] Assign Dynamic map(948,70001) for GS:0
[2023/10/18 19:29:13] GS:0 Total Dynamic map:1
[2023/10/18 19:29:13] GS:0 Total Static map:621
[2023/10/18 19:29:14] Assign Dynamic map(948,70002) for GS:0
[2023/10/18 19:29:14] GS:0 Total Dynamic map:2
[2023/10/18 19:29:14] GS:0 Total Static map:621
[2023/10/18 19:29:14] Assign Dynamic map(948,70003) for GS:0
[2023/10/18 19:29:14] GS:0 Total Dynamic map:3
[2023/10/18 19:29:14] GS:0 Total Static map:621
[2023/10/18 19:29:14] Assign Dynamic map(948,70004) for GS:0
[2023/10/18 19:29:14] GS:0 Total Dynamic map:4
[2023/10/18 19:29:14] GS:0 Total Static map:621
[2023/10/18 19:29:14] Assign Dynamic map(948,70005) for GS:0
[2023/10/18 19:29:14] GS:0 Total Dynamic map:5
[2023/10/18 19:29:14] GS:0 Total Static map:621
[2023/10/18 19:29:14] Assign Dynamic map(975,65536) for GS:0
[2023/10/18 19:29:14] GS:0 Total Dynamic map:6
[2023/10/18 19:29:14] GS:0 Total Static map:621
[2023/10/18 19:29:14] Assign Dynamic map(975,65537) for GS:0
[2023/10/18 19:29:14] GS:0 Total Dynamic map:7
[2023/10/18 19:29:14] GS:0 Total Static map:621
[2023/10/18 19:29:14] Assign Dynamic map(975,65538) for GS:0
[2023/10/18 19:29:14] GS:0 Total Dynamic map:8
[2023/10/18 19:29:14] GS:0 Total Static map:621
[2023/10/18 19:29:14] Assign Dynamic map(975,65539) for GS:0
[2023/10/18 19:29:14] GS:0 Total Dynamic map:9
[2023/10/18 19:29:14] GS:0 Total Static map:621
[2023/10/18 19:29:14] Assign Dynamic map(975,65540) for GS:0
[2023/10/18 19:29:14] GS:0 Total Dynamic map:10
[2023/10/18 19:29:14] GS:0 Total Static map:621
[2023/10/18 19:29:14] Assign Dynamic map(976,65541) for GS:0
[2023/10/18 19:29:14] GS:0 Total Dynamic map:11
[2023/10/18 19:29:14] GS:0 Total Static map:621
[2023/10/18 19:29:14] Assign Dynamic map(976,65542) for GS:0
[2023/10/18 19:29:14] GS:0 Total Dynamic map:12
[2023/10/18 19:29:14] GS:0 Total Static map:621
[2023/10/18 19:29:14] Assign Dynamic map(976,65543) for GS:0
[2023/10/18 19:29:14] GS:0 Total Dynamic map:13
[2023/10/18 19:29:14] GS:0 Total Static map:621
[2023/10/18 19:29:14] Assign Dynamic map(976,65544) for GS:0
[2023/10/18 19:29:14] GS:0 Total Dynamic map:14
[2023/10/18 19:29:14] GS:0 Total Static map:621
[2023/10/18 19:29:14] Assign Dynamic map(976,65545) for GS:0
[2023/10/18 19:29:14] GS:0 Total Dynamic map:15
[2023/10/18 19:29:14] GS:0 Total Static map:621
[2023/10/18 19:29:14] Assign Dynamic map(958,70006) for GS:0
[2023/10/18 19:29:14] GS:0 Total Dynamic map:16
[2023/10/18 19:29:14] GS:0 Total Static map:621
[2023/10/18 19:29:14] Assign Dynamic map(958,70007) for GS:0
[2023/10/18 19:29:14] GS:0 Total Dynamic map:17
[2023/10/18 19:29:14] GS:0 Total Static map:621
[2023/10/18 19:29:14] Assign Dynamic map(958,70008) for GS:0
[2023/10/18 19:29:14] GS:0 Total Dynamic map:18
[2023/10/18 19:29:14] GS:0 Total Static map:621
[2023/10/18 19:29:14] Assign Dynamic map(958,70009) for GS:0
[2023/10/18 19:29:14] GS:0 Total Dynamic map:19
[2023/10/18 19:29:14] GS:0 Total Static map:621
[2023/10/18 19:29:14] Assign Dynamic map(958,70010) for GS:0
[2023/10/18 19:29:14] GS:0 Total Dynamic map